<?xml version="1.0" encoding="UTF-8"?>
<!-- Generated by org.testng.reporters.JUnitReportReporter -->
<testsuite skipped="0" hostname="Sam-HP" name="testcases.TC005_MergeLead" tests="1" failures="0" timestamp="2019-12-30T01:13:44 IST" time="49.661" errors="0">
  <testcase name="tC005_MergeLead" time="49.661" classname="testcases.TC005_MergeLead"/>
</testsuite> <!-- testcases.TC005_MergeLead -->
