<?xml version="1.0" encoding="UTF-8"?>
<!-- Generated by org.testng.reporters.JUnitReportReporter -->
<testsuite skipped="0" hostname="Sam-HP" name="testcases.TC002_EditLead" tests="3" failures="0" timestamp="2019-12-29T21:18:32 IST" time="96.242" errors="0">
  <testcase name="tC002_EditLead" time="34.174" classname="testcases.TC002_EditLead"/>
  <testcase name="tC002_EditLead" time="29.944" classname="testcases.TC002_EditLead"/>
  <testcase name="tC002_EditLead" time="32.124" classname="testcases.TC002_EditLead"/>
</testsuite> <!-- testcases.TC002_EditLead -->
