<?xml version="1.0" encoding="UTF-8"?>
<!-- Generated by org.testng.reporters.JUnitReportReporter -->
<testsuite skipped="0" hostname="Sam-HP" name="testcases.TC003_DeleteLead" tests="3" failures="0" timestamp="2019-12-29T23:18:38 IST" time="106.291" errors="0">
  <testcase name="tC003_DeleteLead" time="36.047" classname="testcases.TC003_DeleteLead"/>
  <testcase name="tC003_DeleteLead" time="35.298" classname="testcases.TC003_DeleteLead"/>
  <testcase name="tC003_DeleteLead" time="34.946" classname="testcases.TC003_DeleteLead"/>
</testsuite> <!-- testcases.TC003_DeleteLead -->
