<?xml version="1.0" encoding="UTF-8"?>
<!-- Generated by org.testng.reporters.JUnitReportReporter -->
<testsuite skipped="0" hostname="Sam-HP" name="testcases.TC001_CreateLead" tests="3" failures="0" timestamp="2019-12-29T21:11:41 IST" time="70.253" errors="0">
  <testcase name="tC001_CreateLead" time="23.190" classname="testcases.TC001_CreateLead"/>
  <testcase name="tC001_CreateLead" time="22.800" classname="testcases.TC001_CreateLead"/>
  <testcase name="tC001_CreateLead" time="24.263" classname="testcases.TC001_CreateLead"/>
</testsuite> <!-- testcases.TC001_CreateLead -->
