<?xml version="1.0" encoding="UTF-8"?>
<!-- Generated by org.testng.reporters.JUnitReportReporter -->
<testsuite skipped="0" hostname="Sam-HP" name="testcases.TC004_DuplicateLead" tests="3" failures="0" timestamp="2019-12-30T00:11:12 IST" time="100.160" errors="0">
  <testcase name="tC004_DuplicateLead" time="34.193" classname="testcases.TC004_DuplicateLead"/>
  <testcase name="tC004_DuplicateLead" time="32.814" classname="testcases.TC004_DuplicateLead"/>
  <testcase name="tC004_DuplicateLead" time="33.153" classname="testcases.TC004_DuplicateLead"/>
</testsuite> <!-- testcases.TC004_DuplicateLead -->
